<?xml version="1.0" encoding="UTF-8"?>
<!-- Generated by org.testng.reporters.JUnitXMLReporter -->
<testsuite hostname="LAPTOP-QQFR7U9L" ignored="0" name="Default test" tests="3" failures="0" timestamp="12 Jul 2019 10:24:21 GMT" time="17.251" errors="0">
  <testcase name="CssSelectors" time="0.017" classname="com.SeleniumCookBook.example.SeleniumPratices.TextElement"/>
  <testcase name="UsersLogin" time="13.701" classname="com.SeleniumCookBook.example.SeleniumPratices.TextElement"/>
  <testcase name="MenuItems" time="3.491" classname="com.SeleniumCookBook.example.SeleniumPratices.TextElement"/>
</testsuite> <!-- Default test -->
