<?xml version="1.0" encoding="UTF-8"?>
<testng-results skipped="0" failed="0" ignored="0" total="1" passed="1">
  <reporter-output>
  </reporter-output>
  <suite name="Default suite" duration-ms="11989" started-at="2019-08-02T04:37:58Z" finished-at="2019-08-02T04:38:10Z">
    <groups>
    </groups>
    <test name="Default test" duration-ms="11989" started-at="2019-08-02T04:37:58Z" finished-at="2019-08-02T04:38:10Z">
      <class name="CrossBrowserTesting.BrowserTestonChrome">
        <test-method status="PASS" signature="browserstacktest()[pri:0, instance:CrossBrowserTesting.BrowserTestonChrome@91161c7]" name="browserstacktest" duration-ms="11930" started-at="2019-08-02T04:37:58Z" finished-at="2019-08-02T04:38:10Z">
          <reporter-output>
          </reporter-output>
        </test-method> <!-- browserstacktest -->
      </class> <!-- CrossBrowserTesting.BrowserTestonChrome -->
    </test> <!-- Default test -->
  </suite> <!-- Default suite -->
</testng-results>
