<?xml version="1.0" encoding="UTF-8"?>
<!-- Generated by org.testng.reporters.JUnitXMLReporter -->
<testsuite hostname="LAPTOP-QQFR7U9L" ignored="0" name="Default test" tests="4" failures="0" timestamp="27 Aug 2019 14:31:57 GMT" time="20.691" errors="0">
  <testcase name="testConfirmAccept" time="0.671" classname="WorkingwithAlertsFrameandWindows.AlertsTest"/>
  <testcase name="testConfirmDismiss" time="0.129" classname="WorkingwithAlertsFrameandWindows.AlertsTest"/>
  <testcase name="testPrompt" time="0.151" classname="WorkingwithAlertsFrameandWindows.AlertsTest"/>
  <testcase name="testSimpleAlert" time="2.195" classname="WorkingwithAlertsFrameandWindows.AlertsTest"/>
</testsuite> <!-- Default test -->
