<?xml version="1.0" encoding="UTF-8"?>
<testng-results skipped="0" failed="0" ignored="0" total="3" passed="3">
  <reporter-output>
  </reporter-output>
  <suite name="Default suite" duration-ms="17251" started-at="2019-07-12T10:24:03Z" finished-at="2019-07-12T10:24:21Z">
    <groups>
    </groups>
    <test name="Default test" duration-ms="17251" started-at="2019-07-12T10:24:03Z" finished-at="2019-07-12T10:24:21Z">
      <class name="com.SeleniumCookBook.example.SeleniumPratices.TextElement">
        <test-method status="PASS" signature="CssSelectors()[pri:0, instance:com.SeleniumCookBook.example.SeleniumPratices.TextElement@cc285f4]" name="CssSelectors" duration-ms="17" started-at="2019-07-12T10:24:04Z" finished-at="2019-07-12T10:24:04Z">
          <reporter-output>
          </reporter-output>
        </test-method> <!-- CssSelectors -->
        <test-method status="PASS" signature="UsersLogin()[pri:1, instance:com.SeleniumCookBook.example.SeleniumPratices.TextElement@cc285f4]" name="UsersLogin" duration-ms="13701" started-at="2019-07-12T10:24:04Z" finished-at="2019-07-12T10:24:17Z">
          <reporter-output>
          </reporter-output>
        </test-method> <!-- UsersLogin -->
        <test-method status="PASS" signature="MenuItems()[pri:2, instance:com.SeleniumCookBook.example.SeleniumPratices.TextElement@cc285f4]" name="MenuItems" duration-ms="3491" started-at="2019-07-12T10:24:17Z" finished-at="2019-07-12T10:24:21Z">
          <reporter-output>
          </reporter-output>
        </test-method> <!-- MenuItems -->
      </class> <!-- com.SeleniumCookBook.example.SeleniumPratices.TextElement -->
    </test> <!-- Default test -->
  </suite> <!-- Default suite -->
</testng-results>
