<?xml version="1.0" encoding="UTF-8"?>
<!-- Generated by org.testng.reporters.JUnitXMLReporter -->
<testsuite hostname="LAPTOP-KMM92F66" ignored="0" name="Test" tests="7" failures="0" timestamp="01 Aug 2019 09:09:06 GMT" time="60.501" errors="0">
  <testcase name="testBmiCalculation" time="15.62" classname="PageObjectModel.BmiCalculatorTests2"/>
  <testcase name="testBMICalculator" time="0.63" classname="DataDrivenTesting.TestNGDDT"/>
  <testcase name="testBMICalculator" time="0.417" classname="DataDrivenTesting.TestNGDDT"/>
  <testcase name="testBMICalculator" time="0.425" classname="DataDrivenTesting.TestNGDDT"/>
  <testcase name="testBMICalculator" time="0.335" classname="DataDrivenTesting.TestNGDDT"/>
  <testcase name="testFrameWithIdOrName" time="0.117" classname="WorkingwithAlertsFramesandWindows.FramesTest"/>
  <testcase name="testFrameByIndex" time="0.045" classname="WorkingwithAlertsFramesandWindows.FramesTest"/>
</testsuite> <!-- Test -->
