<?xml version="1.0" encoding="UTF-8"?>
<testng-results skipped="0" failed="0" ignored="0" total="4" passed="4">
  <reporter-output>
  </reporter-output>
  <suite name="Default suite" duration-ms="20691" started-at="2019-08-27T14:31:36Z" finished-at="2019-08-27T14:31:56Z">
    <groups>
    </groups>
    <test name="Default test" duration-ms="20691" started-at="2019-08-27T14:31:36Z" finished-at="2019-08-27T14:31:56Z">
      <class name="WorkingwithAlertsFrameandWindows.AlertsTest">
        <test-method status="PASS" signature="Setup()[pri:0, instance:WorkingwithAlertsFrameandWindows.AlertsTest@42e26948]" name="Setup" is-config="true" duration-ms="14907" started-at="2019-08-27T14:31:36Z" finished-at="2019-08-27T14:31:51Z">
          <reporter-output>
          </reporter-output>
        </test-method> <!-- Setup -->
        <test-method status="PASS" signature="testConfirmAccept()[pri:0, instance:WorkingwithAlertsFrameandWindows.AlertsTest@42e26948]" name="testConfirmAccept" duration-ms="671" started-at="2019-08-27T14:31:51Z" finished-at="2019-08-27T14:31:51Z">
          <reporter-output>
          </reporter-output>
        </test-method> <!-- testConfirmAccept -->
        <test-method status="PASS" signature="testConfirmDismiss()[pri:0, instance:WorkingwithAlertsFrameandWindows.AlertsTest@42e26948]" name="testConfirmDismiss" duration-ms="129" started-at="2019-08-27T14:31:51Z" finished-at="2019-08-27T14:31:52Z">
          <reporter-output>
          </reporter-output>
        </test-method> <!-- testConfirmDismiss -->
        <test-method status="PASS" signature="testPrompt()[pri:0, instance:WorkingwithAlertsFrameandWindows.AlertsTest@42e26948]" name="testPrompt" duration-ms="151" started-at="2019-08-27T14:31:52Z" finished-at="2019-08-27T14:31:52Z">
          <reporter-output>
          </reporter-output>
        </test-method> <!-- testPrompt -->
        <test-method status="PASS" signature="testSimpleAlert()[pri:0, instance:WorkingwithAlertsFrameandWindows.AlertsTest@42e26948]" name="testSimpleAlert" duration-ms="2195" started-at="2019-08-27T14:31:52Z" finished-at="2019-08-27T14:31:54Z">
          <reporter-output>
          </reporter-output>
        </test-method> <!-- testSimpleAlert -->
        <test-method status="PASS" signature="Tesrdown()[pri:0, instance:WorkingwithAlertsFrameandWindows.AlertsTest@42e26948]" name="Tesrdown" is-config="true" duration-ms="2581" started-at="2019-08-27T14:31:54Z" finished-at="2019-08-27T14:31:56Z">
          <reporter-output>
          </reporter-output>
        </test-method> <!-- Tesrdown -->
      </class> <!-- WorkingwithAlertsFrameandWindows.AlertsTest -->
    </test> <!-- Default test -->
  </suite> <!-- Default suite -->
</testng-results>
